<?xml version="1.0" encoding="UTF-8"?>
<testsuite name="linkedList.LinkedListTest" tests="1" skipped="0" failures="0" errors="0" timestamp="2021-03-31T00:00:47" hostname="iMac.carmelot" time="0.002">
  <properties/>
  <testcase name="kthFromEndTest" classname="linkedList.LinkedListTest" time="0.002"/>
  <system-out><![CDATA[]]></system-out>
  <system-err><![CDATA[]]></system-err>
</testsuite>
