<?xml version="1.0" encoding="UTF-8"?>
<testsuite name="challenges.utilities.MultiBracketValidationTest" tests="1" skipped="0" failures="0" errors="0" timestamp="2021-04-08T05:57:40" hostname="iMac.carmelot" time="0.001">
  <properties/>
  <testcase name="MultiBracketValidationTest" classname="challenges.utilities.MultiBracketValidationTest" time="0.001"/>
  <system-out><![CDATA[]]></system-out>
  <system-err><![CDATA[]]></system-err>
</testsuite>
